[2020-09-09T16:58:32+08:00][error] [10501]SQLSTATE[HY000]: General error: 1366 Incorrect string value: '\xB9\xDC\xC0\xED\xD4\xB1...' for column 'content' at row 1
[2020-09-09T16:58:59+08:00][error] [10501]SQLSTATE[HY000]: General error: 1366 Incorrect string value: '\xB9\xDC\xC0\xED\xD4\xB1...' for column 'content' at row 1
[2020-09-09T16:59:34+08:00][error] [10501]SQLSTATE[HY000]: General error: 1366 Incorrect string value: '\xB9\xDC\xC0\xED\xD4\xB1...' for column 'content' at row 1
[2020-09-09T17:00:04+08:00][error] [10501]SQLSTATE[HY000]: General error: 1366 Incorrect string value: '\xB9\xDC\xC0\xED\xD4\xB1...' for column 'content' at row 1
[2020-09-09T17:04:02+08:00][error] [10501]SQLSTATE[HY000]: General error: 1366 Incorrect string value: '\xB9\xDC\xC0\xED\xD4\xB1...' for column 'content' at row 1
[2020-09-09T17:04:32+08:00][error] [10501]SQLSTATE[HY000]: General error: 1366 Incorrect string value: '\xB9\xDC\xC0\xED\xD4\xB1...' for column 'content' at row 1
[2020-09-09T17:06:18+08:00][error] [10501]SQLSTATE[HY000]: General error: 1366 Incorrect string value: '\xB9\xDC\xC0\xED\xD4\xB1...' for column 'content' at row 1
[2020-09-09T17:07:32+08:00][error] [10501]SQLSTATE[HY000]: General error: 1366 Incorrect string value: '\xB9\xDC\xC0\xED\xD4\xB1...' for column 'content' at row 1
[2020-09-09T17:08:12+08:00][error] [10501]SQLSTATE[HY000]: General error: 1366 Incorrect string value: '\xB9\xDC\xC0\xED\xD4\xB1...' for column 'content' at row 1
[2020-09-09T17:11:17+08:00][error] [10501]SQLSTATE[HY000]: General error: 1366 Incorrect string value: '\xB9\xDC\xC0\xED\xD4\xB1...' for column 'content' at row 1
[2020-09-09T17:12:21+08:00][error] [10501]SQLSTATE[HY000]: General error: 1366 Incorrect string value: '\xB9\xDC\xC0\xED\xD4\xB1...' for column 'content' at row 1
[2020-09-09T17:12:50+08:00][error] [10501]SQLSTATE[HY000]: General error: 1366 Incorrect string value: '\xB9\xDC\xC0\xED\xD4\xB1...' for column 'content' at row 1
[2020-09-09T17:13:27+08:00][error] [10501]SQLSTATE[HY000]: General error: 1366 Incorrect string value: '\xB9\xDC\xC0\xED\xD4\xB1...' for column 'content' at row 1
[2020-09-09T17:13:34+08:00][error] [10501]SQLSTATE[HY000]: General error: 1366 Incorrect string value: '\xB9\xDC\xC0\xED\xD4\xB1...' for column 'content' at row 1
[2020-09-09T17:13:40+08:00][error] [10501]SQLSTATE[HY000]: General error: 1366 Incorrect string value: '\xB9\xDC\xC0\xED\xD4\xB1...' for column 'content' at row 1
[2020-09-09T17:15:08+08:00][error] [10501]SQLSTATE[HY000]: General error: 1366 Incorrect string value: '\xB9\xDC\xC0\xED\xD4\xB1...' for column 'content' at row 1
[2020-09-09T17:15:38+08:00][error] [10501]SQLSTATE[HY000]: General error: 1366 Incorrect string value: '\xB9\xDC\xC0\xED\xD4\xB1...' for column 'content' at row 1
[2020-09-09T17:16:01+08:00][error] [10501]SQLSTATE[HY000]: General error: 1366 Incorrect string value: '\xB9\xDC\xC0\xED\xD4\xB1...' for column 'content' at row 1
[2020-09-09T17:16:26+08:00][error] [10501]SQLSTATE[HY000]: General error: 1366 Incorrect string value: '\xB9\xDC\xC0\xED\xD4\xB1...' for column 'content' at row 1
[2020-09-09T17:19:02+08:00][error] [0]语法错误: unexpected '}', expecting ';'
[2020-09-09T17:19:10+08:00][error] [10501]SQLSTATE[HY000]: General error: 1366 Incorrect string value: '\xB9\xDC\xC0\xED\xD4\xB1...' for column 'content' at row 1
[2020-09-09T17:19:43+08:00][error] [10501]SQLSTATE[HY000]: General error: 1366 Incorrect string value: '\xB9\xDC\xC0\xED\xD4\xB1...' for column 'content' at row 1
[2020-09-09T17:20:03+08:00][error] [10501]SQLSTATE[HY000]: General error: 1366 Incorrect string value: '\xB9\xDC\xC0\xED\xD4\xB1...' for column 'content' at row 1
[2020-09-09T17:20:37+08:00][error] [10501]SQLSTATE[HY000]: General error: 1366 Incorrect string value: '\xB9\xDC\xC0\xED\xD4\xB1...' for column 'content' at row 1
[2020-09-09T17:21:14+08:00][error] [10501]SQLSTATE[HY000]: General error: 1366 Incorrect string value: '\xB9\xDC\xC0\xED\xD4\xB1...' for column 'content' at row 1
[2020-09-09T17:22:41+08:00][error] [10501]SQLSTATE[HY000]: General error: 1366 Incorrect string value: '\xB9\xDC\xC0\xED\xD4\xB1...' for column 'content' at row 1
[2020-09-09T17:32:28+08:00][error] [0]Argument 1 passed to app\common\bean\Bing::setStatus() must be of the type int, null given, called in /Volumes/doc/PHP/blogapi/app/admin/controller/Bing.php on line 42
[2020-09-09T17:33:52+08:00][error] [0]Return value of app\common\bean\Bing::getStatus() must be of the type int, null returned
[2020-09-09T17:34:04+08:00][error] [0]Return value of app\common\bean\Bing::getStatus() must be of the type int, null returned
[2020-09-09T20:37:32+08:00][error] [0]Argument 1 passed to think\db\BaseQuery::limit() must be of the type int, null given, called in /Volumes/doc/PHP/blogapi/app/common/model/mysql/Article.php on line 248
[2020-09-09T20:38:07+08:00][error] [0]Argument 1 passed to think\db\BaseQuery::limit() must be of the type int, null given, called in /Volumes/doc/PHP/blogapi/app/common/model/mysql/Article.php on line 248
[2020-09-09T20:38:22+08:00][error] [0]Argument 1 passed to think\db\BaseQuery::limit() must be of the type int, null given, called in /Volumes/doc/PHP/blogapi/app/common/model/mysql/Article.php on line 248
[2020-09-09T20:38:24+08:00][error] [0]Argument 1 passed to think\db\BaseQuery::limit() must be of the type int, null given, called in /Volumes/doc/PHP/blogapi/app/common/model/mysql/Article.php on line 248
