[2020-09-09T00:33:59+08:00][error] [0]Argument 1 passed to app\common\lib\Page::getPage() must be of the type int, string given, called in /Volumes/doc/PHP/blogapi/app/api/controller/Base.php on line 63
[2020-09-09T00:34:22+08:00][error] [0]Argument 1 passed to app\common\lib\Page::getPage() must be of the type int, string given, called in /Volumes/doc/PHP/blogapi/app/api/controller/Base.php on line 63
[2020-09-09T00:34:52+08:00][error] [0]Argument 1 passed to app\common\lib\Page::getPage() must be of the type int, string given, called in /Volumes/doc/PHP/blogapi/app/api/controller/Base.php on line 63
[2020-09-09T00:35:15+08:00][error] [0]Argument 1 passed to app\common\lib\Page::getPage() must be of the type int, string given, called in /Volumes/doc/PHP/blogapi/app/api/controller/Base.php on line 63
[2020-09-09T00:35:42+08:00][error] [0]Argument 1 passed to app\common\lib\Page::getPage() must be of the type int, string given, called in /Volumes/doc/PHP/blogapi/app/api/controller/Base.php on line 60
[2020-09-09T00:36:02+08:00][error] [0]Argument 1 passed to app\common\lib\Page::getPage() must be of the type int, string given, called in /Volumes/doc/PHP/blogapi/app/api/controller/Base.php on line 61
[2020-09-09T10:31:19+08:00][error] [0]语法错误: unexpected ';', expecting ')'
[2020-09-09T17:35:54+08:00][error] [8]未定义数组索引: 
[2020-09-09T17:36:26+08:00][error] [8]未定义数组索引: 
[2020-09-09T17:36:41+08:00][error] [8]未定义数组索引: 
[2020-09-09T17:37:31+08:00][error] [8]未定义数组索引: 
[2020-09-09T17:37:48+08:00][error] [8]未定义数组索引: 
[2020-09-09T17:38:02+08:00][error] [8]未定义数组索引: 
[2020-09-09T17:38:09+08:00][error] [8]未定义数组索引: 
[2020-09-09T17:38:26+08:00][error] [8]未定义数组索引: urls
[2020-09-09T17:38:44+08:00][error] [8]未定义数组索引: 
[2020-09-09T17:39:13+08:00][error] [8]未定义数组索引: 
[2020-09-09T17:40:12+08:00][error] [8]未定义数组索引: 
[2020-09-09T17:40:31+08:00][error] [8]未定义数组索引: 
[2020-09-09T17:41:02+08:00][error] [8]未定义数组索引: 
[2020-09-09T17:41:11+08:00][error] [8]未定义变量: fileIds
[2020-09-09T17:41:26+08:00][error] [8]未定义数组索引: 
[2020-09-09T17:41:42+08:00][error] [8]未定义数组索引: 
[2020-09-09T17:41:59+08:00][error] [8]未定义数组索引: 
[2020-09-09T17:46:02+08:00][error] [2]implode(): Invalid arguments passed
[2020-09-09T17:46:21+08:00][error] [2]implode(): Invalid arguments passed
[2020-09-09T17:47:45+08:00][error] [2]Illegal string offset 'urls'
[2020-09-09T17:47:56+08:00][error] [0][] operator not supported for strings
[2020-09-09T17:48:13+08:00][error] [0][] operator not supported for strings
[2020-09-09T17:48:23+08:00][error] [0][] operator not supported for strings
[2020-09-09T17:48:59+08:00][error] [2]array_push() expects parameter 1 to be array, string given
[2020-09-09T17:49:15+08:00][error] [2]array_push() expects parameter 1 to be array, string given
[2020-09-09T17:50:37+08:00][error] [8]未定义数组索引: 
[2020-09-09T20:07:24+08:00][error] [2]Declaration of app\common\model\mysql\Bean::getData(): array should be compatible with think\Model::getData(?string $name = NULL)
[2020-09-09T20:08:13+08:00][error] [2]Declaration of app\common\model\mysql\Bean::getData() should be compatible with think\Model::getData(?string $name = NULL)
[2020-09-09T20:08:53+08:00][error] [2]Declaration of app\common\model\mysql\Bean::getData() should be compatible with think\Model::getData(?string $name = NULL)
[2020-09-09T20:10:26+08:00][error] [2]Declaration of app\common\model\mysql\Bean::getData() should be compatible with think\Model::getData(?string $name = NULL)
[2020-09-09T20:10:32+08:00][error] [2]Declaration of app\common\model\mysql\Bean::getData() should be compatible with think\Model::getData(?string $name = NULL)
[2020-09-09T20:10:47+08:00][error] [2]Declaration of app\common\model\mysql\Bean::getData() should be compatible with think\Model::getData(?string $name = NULL)
[2020-09-09T20:11:38+08:00][error] [2]Declaration of app\common\model\mysql\Bean::getData() should be compatible with think\Model::getData(?string $name = NULL)
[2020-09-09T20:11:39+08:00][error] [2]Declaration of app\common\model\mysql\Bean::getData() should be compatible with think\Model::getData(?string $name = NULL)
[2020-09-09T20:11:39+08:00][error] [2]Declaration of app\common\model\mysql\Bean::getData() should be compatible with think\Model::getData(?string $name = NULL)
[2020-09-09T20:11:40+08:00][error] [2]Declaration of app\common\model\mysql\Bean::getData() should be compatible with think\Model::getData(?string $name = NULL)
[2020-09-09T20:11:40+08:00][error] [2]Declaration of app\common\model\mysql\Bean::getData() should be compatible with think\Model::getData(?string $name = NULL)
[2020-09-09T20:11:41+08:00][error] [2]Declaration of app\common\model\mysql\Bean::getData() should be compatible with think\Model::getData(?string $name = NULL)
[2020-09-09T20:11:41+08:00][error] [2]Declaration of app\common\model\mysql\Bean::getData() should be compatible with think\Model::getData(?string $name = NULL)
[2020-09-09T20:11:41+08:00][error] [2]Declaration of app\common\model\mysql\Bean::getData() should be compatible with think\Model::getData(?string $name = NULL)
[2020-09-09T20:11:42+08:00][error] [2]Declaration of app\common\model\mysql\Bean::getData() should be compatible with think\Model::getData(?string $name = NULL)
[2020-09-09T20:11:42+08:00][error] [2]Declaration of app\common\model\mysql\Bean::getData() should be compatible with think\Model::getData(?string $name = NULL)
[2020-09-09T20:11:43+08:00][error] [2]Declaration of app\common\model\mysql\Bean::getData() should be compatible with think\Model::getData(?string $name = NULL)
[2020-09-09T20:11:43+08:00][error] [2]Declaration of app\common\model\mysql\Bean::getData() should be compatible with think\Model::getData(?string $name = NULL)
[2020-09-09T20:12:00+08:00][error] [2]Declaration of app\common\model\mysql\Bean::getData() should be compatible with think\Model::getData(?string $name = NULL)
[2020-09-09T20:12:37+08:00][error] [2]Declaration of app\common\model\mysql\Bean::getData() should be compatible with think\Model::getData(?string $name = NULL)
[2020-09-09T20:13:38+08:00][error] [0]Cannot call constructor
[2020-09-09T20:15:12+08:00][error] [2]Declaration of app\common\model\mysql\Bean::getData() should be compatible with think\Model::getData(?string $name = NULL)
[2020-09-09T20:19:18+08:00][error] [2]Declaration of app\common\model\mysql\Bean::getData() should be compatible with think\Model::getData(?string $name = NULL)
[2020-09-09T20:19:48+08:00][error] [0]Argument 1 passed to app\common\service\Tag::getTagByArticleId() must be of the type string, array given, called in /Volumes/doc/PHP/blogapi/app/common/service/Article.php on line 494
